<?xml version="1.0" encoding="UTF-8"?>
<!-- Generated by org.testng.reporters.JUnitXMLReporter -->
<testsuite hostname="Vinodh" name="firefox" tests="1" failures="0" timestamp="15 Mar 2017 06:19:24 GMT" time="0.517" errors="0">
  <testcase name="@BeforeClass beforeTest" time="0.0" classname="Testng.com.paralleltestng">
    <failure type="java.lang.RuntimeException" message="Safari could not be found in the path!
Please add the directory containing &amp;apos;&amp;apos;Safari.exe&amp;apos;&amp;apos; to your PATH environment
variable, or explicitly specify a path to Safari like this:
*safari c:\blah\Safari.exe">
      <![CDATA[java.lang.RuntimeException: Safari could not be found in the path!
Please add the directory containing ''Safari.exe'' to your PATH environment
variable, or explicitly specify a path to Safari like this:
*safari c:\blah\Safari.exe
	at org.openqa.selenium.browserlaunchers.locators.SingleBrowserLocator.findBrowserLocationOrFail(SingleBrowserLocator.java:42)
	at org.openqa.selenium.safari.SafariDriverCommandExecutor.start(SafariDriverCommandExecutor.java:100)
	at org.openqa.selenium.safari.SafariDriver.startClient(SafariDriver.java:72)
	at org.openqa.selenium.remote.RemoteWebDriver.<init>(RemoteWebDriver.java:116)
	at org.openqa.selenium.remote.RemoteWebDriver.<init>(RemoteWebDriver.java:141)
	at org.openqa.selenium.safari.SafariDriver.<init>(SafariDriver.java:58)
	at org.openqa.selenium.safari.SafariDriver.<init>(SafariDriver.java:42)
	at Testng.com.paralleltestng.beforeTest(paralleltestng.java:26)
	at java.util.concurrent.FutureTask.run(FutureTask.java:266)
	at java.util.concurrent.ThreadPoolExecutor.runWorker(ThreadPoolExecutor.java:1142)
	at java.util.concurrent.ThreadPoolExecutor$Worker.run(ThreadPoolExecutor.java:617)
	at java.lang.Thread.run(Thread.java:745)
... Removed 16 stack frames]]>
    </failure>
  </testcase> <!-- @BeforeClass beforeTest -->
  <testcase name="@AfterClass afterTest" time="0.0" classname="Testng.com.paralleltestng">
    <skipped/>
  </testcase> <!-- @AfterClass afterTest -->
  <testcase name="function1" time="0.001" classname="Testng.com.paralleltestng">
    <skipped/>
  </testcase> <!-- function1 -->
</testsuite> <!-- firefox -->
